<?xml version="1.0" encoding="UTF-8"?>
<testsuite xmlns:xsi="http://www.w3.org/2001/XMLSchema-instance" xsi:noNamespaceSchemaLocation="https://maven.apache.org/surefire/maven-surefire-plugin/xsd/surefire-test-report.xsd" version="3.0.2" name="com.beyondthepage.beyondthepage.integration.ReadingTrackerIntegrationTest" time="3.205" tests="24" errors="0" skipped="0" failures="0">
  <properties>
[...]
</properties>
  <testcase name="shouldReturnWeeklyDashboard" classname="com.beyondthepage.beyondthepage.integration.ReadingTrackerIntegrationTest" time="0.477">
    <system-out><![CDATA[23:56:47.930 [main] INFO org.springframework.test.context.support.AnnotationConfigContextLoaderUtils -- Could not detect default configuration classes for test class [com.beyondthepage.beyondthepage.integration.ReadingTrackerIntegrationTest]: ReadingTrackerIntegrationTest does not declare any static, non-private, non-final, nested classes annotated with @Configuration.
23:56:47.983 [main] INFO org.springframework.boot.test.context.SpringBootTestContextBootstrapper -- Found @SpringBootConfiguration com.beyondthepage.beyondthepage.BeyondThePageApplication for test class com.beyondthepage.beyondthepage.integration.ReadingTrackerIntegrationTest

  .   ____          _            __ _ _
 /\\ / ___'_ __ _ _(_)_ __  __ _ \ \ \ \
( ( )\___ | '_ | '_| | '_ \/ _` | \ \ \ \
 \\/  ___)| |_)| | | | | || (_| |  ) ) ) )
  '  |____| .__|_| |_|_| |_\__, | / / / /
 =========|_|==============|___/=/_/_/_/

 :: Spring Boot ::                (v3.4.1)

2026-06-18T23:56:48.155+05:30  INFO 81893 --- [beyond-the-page] [           main] c.b.b.i.ReadingTrackerIntegrationTest    : Starting ReadingTrackerIntegrationTest using Java 21.0.7 with PID 81893 (started by i353767 in /Users/i353767/Documents/GitHub/BeyondThePage/init/backend)
2026-06-18T23:56:48.155+05:30  INFO 81893 --- [beyond-the-page] [           main] c.b.b.i.ReadingTrackerIntegrationTest    : No active profile set, falling back to 1 default profile: "default"
2026-06-18T23:56:48.437+05:30  INFO 81893 --- [beyond-the-page] [           main] .s.d.r.c.RepositoryConfigurationDelegate : Bootstrapping Spring Data JPA repositories in DEFAULT mode.
2026-06-18T23:56:48.468+05:30  INFO 81893 --- [beyond-the-page] [           main] .s.d.r.c.RepositoryConfigurationDelegate : Finished Spring Data repository scanning in 27 ms. Found 3 JPA repository interfaces.
2026-06-18T23:56:48.727+05:30  INFO 81893 --- [beyond-the-page] [           main] com.zaxxer.hikari.HikariDataSource       : HikariPool-1 - Starting...
2026-06-18T23:56:48.821+05:30  INFO 81893 --- [beyond-the-page] [           main] com.zaxxer.hikari.pool.HikariPool        : HikariPool-1 - Added connection conn0: url=jdbc:h2:mem:beyondthepage user=SA
2026-06-18T23:56:48.822+05:30  INFO 81893 --- [beyond-the-page] [           main] com.zaxxer.hikari.HikariDataSource       : HikariPool-1 - Start completed.
2026-06-18T23:56:48.846+05:30  INFO 81893 --- [beyond-the-page] [           main] org.flywaydb.core.FlywayExecutor         : Database: jdbc:h2:mem:beyondthepage (H2 2.3)
2026-06-18T23:56:48.853+05:30  WARN 81893 --- [beyond-the-page] [           main] o.f.c.internal.database.base.Database    : Flyway upgrade recommended: H2 2.3.232 is newer than this version of Flyway and support has not been tested. The latest supported version of H2 is 2.2.224.
2026-06-18T23:56:48.864+05:30  INFO 81893 --- [beyond-the-page] [           main] o.f.c.i.s.JdbcTableSchemaHistory         : Schema history table "PUBLIC"."flyway_schema_history" does not exist yet
2026-06-18T23:56:48.865+05:30  INFO 81893 --- [beyond-the-page] [           main] o.f.core.internal.command.DbValidate     : Successfully validated 1 migration (execution time 00:00.006s)
2026-06-18T23:56:48.869+05:30  INFO 81893 --- [beyond-the-page] [           main] o.f.c.i.s.JdbcTableSchemaHistory         : Creating Schema History table "PUBLIC"."flyway_schema_history" ...
2026-06-18T23:56:48.888+05:30  INFO 81893 --- [beyond-the-page] [           main] o.f.core.internal.command.DbMigrate      : Current version of schema "PUBLIC": << Empty Schema >>
2026-06-18T23:56:48.892+05:30  INFO 81893 --- [beyond-the-page] [           main] o.f.core.internal.command.DbMigrate      : Migrating schema "PUBLIC" to version "1 - init"
2026-06-18T23:56:48.904+05:30  INFO 81893 --- [beyond-the-page] [           main] o.f.core.internal.command.DbMigrate      : Successfully applied 1 migration to schema "PUBLIC", now at version v1 (execution time 00:00.006s)
2026-06-18T23:56:48.949+05:30  INFO 81893 --- [beyond-the-page] [           main] o.hibernate.jpa.internal.util.LogHelper  : HHH000204: Processing PersistenceUnitInfo [name: default]
2026-06-18T23:56:48.976+05:30  INFO 81893 --- [beyond-the-page] [           main] org.hibernate.Version                    : HHH000412: Hibernate ORM core version 6.6.4.Final
2026-06-18T23:56:48.992+05:30  INFO 81893 --- [beyond-the-page] [           main] o.h.c.internal.RegionFactoryInitiator    : HHH000026: Second-level cache disabled
2026-06-18T23:56:49.108+05:30  INFO 81893 --- [beyond-the-page] [           main] o.s.o.j.p.SpringPersistenceUnitInfo      : No LoadTimeWeaver setup: ignoring JPA class transformer
2026-06-18T23:56:49.128+05:30  WARN 81893 --- [beyond-the-page] [           main] org.hibernate.orm.deprecation            : HHH90000025: H2Dialect does not need to be specified explicitly using 'hibernate.dialect' (remove the property setting and it will be selected by default)
2026-06-18T23:56:49.134+05:30  INFO 81893 --- [beyond-the-page] [           main] org.hibernate.orm.connections.pooling    : HHH10001005: Database info:
	Database JDBC URL [Connecting through datasource 'HikariDataSource (HikariPool-1)']
	Database driver: undefined/unknown
	Database version: 2.3.232
	Autocommit mode: undefined/unknown
	Isolation level: undefined/unknown
	Minimum pool size: undefined/unknown
	Maximum pool size: undefined/unknown
2026-06-18T23:56:49.567+05:30  INFO 81893 --- [beyond-the-page] [           main] o.h.e.t.j.p.i.JtaPlatformInitiator       : HHH000489: No JTA platform available (set 'hibernate.transaction.jta.platform' to enable JTA platform integration)
2026-06-18T23:56:49.575+05:30  INFO 81893 --- [beyond-the-page] [           main] j.LocalContainerEntityManagerFactoryBean : Initialized JPA EntityManagerFactory for persistence unit 'default'
2026-06-18T23:56:49.680+05:30  INFO 81893 --- [beyond-the-page] [           main] o.s.d.j.r.query.QueryEnhancerFactory     : Hibernate is in classpath; If applicable, HQL parser will be used.
2026-06-18T23:56:50.200+05:30  INFO 81893 --- [beyond-the-page] [           main] o.s.b.a.h2.H2ConsoleAutoConfiguration    : H2 console available at '/h2-console'. Database available at 'jdbc:h2:mem:beyondthepage'
2026-06-18T23:56:50.220+05:30  INFO 81893 --- [beyond-the-page] [           main] o.s.b.t.m.w.SpringBootMockServletContext : Initializing Spring TestDispatcherServlet ''
2026-06-18T23:56:50.220+05:30  INFO 81893 --- [beyond-the-page] [           main] o.s.t.web.servlet.TestDispatcherServlet  : Initializing Servlet ''
2026-06-18T23:56:50.221+05:30  INFO 81893 --- [beyond-the-page] [           main] o.s.t.web.servlet.TestDispatcherServlet  : Completed initialization in 0 ms
2026-06-18T23:56:50.233+05:30  INFO 81893 --- [beyond-the-page] [           main] c.b.b.i.ReadingTrackerIntegrationTest    : Started ReadingTrackerIntegrationTest in 2.197 seconds (process running for 2.687)
Hibernate: 
    select
        b1_0.book_name,
        b1_0.planned_days,
        b1_0.start_date,
        b1_0.total_pages 
    from
        books b1_0
Hibernate: 
    select
        b1_0.book_name 
    from
        books b1_0 
    where
        b1_0.book_name=? 
    fetch
        first ? rows only
Hibernate: 
    select
        b1_0.book_name,
        b1_0.planned_days,
        b1_0.start_date,
        b1_0.total_pages,
        c1_0.book_name,
        c1_0.chapter_number,
        c1_0.chapter_title,
        c1_0.end_page,
        c1_0.start_page 
    from
        books b1_0 
    left join
        book_chapters c1_0 
            on b1_0.book_name=c1_0.book_name 
    where
        b1_0.book_name=? 
    order by
        c1_0.chapter_number
Hibernate: 
    select
        bc1_0.book_name,
        bc1_0.chapter_number,
        bc1_0.chapter_title,
        bc1_0.end_page,
        bc1_0.start_page 
    from
        book_chapters bc1_0 
    where
        (
            bc1_0.book_name, bc1_0.chapter_number
        ) in ((?, ?))
Hibernate: 
    select
        bc1_0.book_name,
        bc1_0.chapter_number,
        bc1_0.chapter_title,
        bc1_0.end_page,
        bc1_0.start_page 
    from
        book_chapters bc1_0 
    where
        (
            bc1_0.book_name, bc1_0.chapter_number
        ) in ((?, ?))
Hibernate: 
    insert 
    into
        books
        (planned_days, start_date, total_pages, book_name) 
    values
        (?, ?, ?, ?)
Hibernate: 
    insert 
    into
        book_chapters
        (chapter_title, end_page, start_page, book_name, chapter_number) 
    values
        (?, ?, ?, ?, ?)
Hibernate: 
    insert 
    into
        book_chapters
        (chapter_title, end_page, start_page, book_name, chapter_number) 
    values
        (?, ?, ?, ?, ?)
Hibernate: 
    insert 
    into
        reading_progress
        (completed_pages, book_name) 
    values
        (?, ?)
Hibernate: 
    select
        b1_0.book_name,
        b1_0.planned_days,
        rp1_0.book_name,
        rp1_0.completed_pages,
        b1_0.start_date,
        b1_0.total_pages 
    from
        books b1_0 
    join
        reading_progress rp1_0 
            on b1_0.book_name=rp1_0.book_name 
    order by
        b1_0.book_name
Hibernate: 
    select
        c1_0.book_name,
        c1_0.chapter_number,
        c1_0.chapter_title,
        c1_0.end_page,
        c1_0.start_page 
    from
        book_chapters c1_0 
    where
        c1_0.book_name=? 
    order by
        c1_0.chapter_number
]]></system-out>
    <system-err><![CDATA[Mockito is currently self-attaching to enable the inline-mock-maker. This will no longer work in future releases of the JDK. Please add Mockito as an agent to your build what is described in Mockito's documentation: https://javadoc.io/doc/org.mockito/mockito-core/latest/org/mockito/Mockito.html#0.3
WARNING: A Java agent has been loaded dynamically (/Users/i353767/.m2/repository/net/bytebuddy/byte-buddy-agent/1.15.11/byte-buddy-agent-1.15.11.jar)
WARNING: If a serviceability tool is in use, please run with -XX:+EnableDynamicAgentLoading to hide this warning
WARNING: If a serviceability tool is not in use, please run with -Djdk.instrument.traceUsage for more information
WARNING: Dynamic loading of agents will be disallowed by default in a future release
]]></system-err>
  </testcase>
  <testcase name="shouldSetBookStatusToNotStartedWhenZeroPagesRead" classname="com.beyondthepage.beyondthepage.integration.ReadingTrackerIntegrationTest" time="0.023">
    <system-out><![CDATA[Hibernate: 
    select
        b1_0.book_name,
        b1_0.planned_days,
        b1_0.start_date,
        b1_0.total_pages 
    from
        books b1_0
Hibernate: 
    select
        rp1_0.book_name,
        rp1_0.completed_pages 
    from
        reading_progress rp1_0 
    where
        rp1_0.book_name=?
Hibernate: 
    select
        c1_0.book_name,
        c1_0.chapter_number,
        c1_0.chapter_title,
        c1_0.end_page,
        c1_0.start_page 
    from
        book_chapters c1_0 
    where
        c1_0.book_name=? 
    order by
        c1_0.chapter_number
Hibernate: 
    delete 
    from
        book_chapters 
    where
        book_name=? 
        and chapter_number=?
Hibernate: 
    delete 
    from
        book_chapters 
    where
        book_name=? 
        and chapter_number=?
Hibernate: 
    delete 
    from
        reading_progress 
    where
        book_name=?
Hibernate: 
    delete 
    from
        books 
    where
        book_name=?
Hibernate: 
    select
        b1_0.book_name 
    from
        books b1_0 
    where
        b1_0.book_name=? 
    fetch
        first ? rows only
Hibernate: 
    select
        b1_0.book_name,
        b1_0.planned_days,
        b1_0.start_date,
        b1_0.total_pages,
        c1_0.book_name,
        c1_0.chapter_number,
        c1_0.chapter_title,
        c1_0.end_page,
        c1_0.start_page 
    from
        books b1_0 
    left join
        book_chapters c1_0 
            on b1_0.book_name=c1_0.book_name 
    where
        b1_0.book_name=? 
    order by
        c1_0.chapter_number
Hibernate: 
    select
        bc1_0.book_name,
        bc1_0.chapter_number,
        bc1_0.chapter_title,
        bc1_0.end_page,
        bc1_0.start_page 
    from
        book_chapters bc1_0 
    where
        (
            bc1_0.book_name, bc1_0.chapter_number
        ) in ((?, ?))
Hibernate: 
    select
        bc1_0.book_name,
        bc1_0.chapter_number,
        bc1_0.chapter_title,
        bc1_0.end_page,
        bc1_0.start_page 
    from
        book_chapters bc1_0 
    where
        (
            bc1_0.book_name, bc1_0.chapter_number
        ) in ((?, ?))
Hibernate: 
    insert 
    into
        books
        (planned_days, start_date, total_pages, book_name) 
    values
        (?, ?, ?, ?)
Hibernate: 
    insert 
    into
        book_chapters
        (chapter_title, end_page, start_page, book_name, chapter_number) 
    values
        (?, ?, ?, ?, ?)
Hibernate: 
    insert 
    into
        book_chapters
        (chapter_title, end_page, start_page, book_name, chapter_number) 
    values
        (?, ?, ?, ?, ?)
Hibernate: 
    insert 
    into
        reading_progress
        (completed_pages, book_name) 
    values
        (?, ?)
Hibernate: 
    select
        b1_0.book_name,
        b1_0.planned_days,
        rp1_0.book_name,
        rp1_0.completed_pages,
        b1_0.start_date,
        b1_0.total_pages 
    from
        books b1_0 
    join
        reading_progress rp1_0 
            on b1_0.book_name=rp1_0.book_name 
    order by
        b1_0.book_name
]]></system-out>
  </testcase>
  <testcase name="shouldReturn409WhenCreatingBookWithDuplicateName" classname="com.beyondthepage.beyondthepage.integration.ReadingTrackerIntegrationTest" time="0.027">
    <system-out><![CDATA[Hibernate: 
    select
        b1_0.book_name,
        b1_0.planned_days,
        b1_0.start_date,
        b1_0.total_pages 
    from
        books b1_0
Hibernate: 
    select
        rp1_0.book_name,
        rp1_0.completed_pages 
    from
        reading_progress rp1_0 
    where
        rp1_0.book_name=?
Hibernate: 
    select
        c1_0.book_name,
        c1_0.chapter_number,
        c1_0.chapter_title,
        c1_0.end_page,
        c1_0.start_page 
    from
        book_chapters c1_0 
    where
        c1_0.book_name=? 
    order by
        c1_0.chapter_number
Hibernate: 
    delete 
    from
        book_chapters 
    where
        book_name=? 
        and chapter_number=?
Hibernate: 
    delete 
    from
        book_chapters 
    where
        book_name=? 
        and chapter_number=?
Hibernate: 
    delete 
    from
        reading_progress 
    where
        book_name=?
Hibernate: 
    delete 
    from
        books 
    where
        book_name=?
Hibernate: 
    select
        b1_0.book_name 
    from
        books b1_0 
    where
        b1_0.book_name=? 
    fetch
        first ? rows only
Hibernate: 
    select
        b1_0.book_name,
        b1_0.planned_days,
        b1_0.start_date,
        b1_0.total_pages,
        c1_0.book_name,
        c1_0.chapter_number,
        c1_0.chapter_title,
        c1_0.end_page,
        c1_0.start_page 
    from
        books b1_0 
    left join
        book_chapters c1_0 
            on b1_0.book_name=c1_0.book_name 
    where
        b1_0.book_name=? 
    order by
        c1_0.chapter_number
Hibernate: 
    select
        bc1_0.book_name,
        bc1_0.chapter_number,
        bc1_0.chapter_title,
        bc1_0.end_page,
        bc1_0.start_page 
    from
        book_chapters bc1_0 
    where
        (
            bc1_0.book_name, bc1_0.chapter_number
        ) in ((?, ?))
Hibernate: 
    select
        bc1_0.book_name,
        bc1_0.chapter_number,
        bc1_0.chapter_title,
        bc1_0.end_page,
        bc1_0.start_page 
    from
        book_chapters bc1_0 
    where
        (
            bc1_0.book_name, bc1_0.chapter_number
        ) in ((?, ?))
Hibernate: 
    insert 
    into
        books
        (planned_days, start_date, total_pages, book_name) 
    values
        (?, ?, ?, ?)
Hibernate: 
    insert 
    into
        book_chapters
        (chapter_title, end_page, start_page, book_name, chapter_number) 
    values
        (?, ?, ?, ?, ?)
Hibernate: 
    insert 
    into
        book_chapters
        (chapter_title, end_page, start_page, book_name, chapter_number) 
    values
        (?, ?, ?, ?, ?)
Hibernate: 
    insert 
    into
        reading_progress
        (completed_pages, book_name) 
    values
        (?, ?)
Hibernate: 
    select
        b1_0.book_name 
    from
        books b1_0 
    where
        b1_0.book_name=? 
    fetch
        first ? rows only
]]></system-out>
  </testcase>
  <testcase name="shouldReturn400WhenCompletedPagesExceedsTotalPages" classname="com.beyondthepage.beyondthepage.integration.ReadingTrackerIntegrationTest" time="0.02">
    <system-out><![CDATA[Hibernate: 
    select
        b1_0.book_name,
        b1_0.planned_days,
        b1_0.start_date,
        b1_0.total_pages 
    from
        books b1_0
Hibernate: 
    select
        rp1_0.book_name,
        rp1_0.completed_pages 
    from
        reading_progress rp1_0 
    where
        rp1_0.book_name=?
Hibernate: 
    select
        c1_0.book_name,
        c1_0.chapter_number,
        c1_0.chapter_title,
        c1_0.end_page,
        c1_0.start_page 
    from
        book_chapters c1_0 
    where
        c1_0.book_name=? 
    order by
        c1_0.chapter_number
Hibernate: 
    delete 
    from
        book_chapters 
    where
        book_name=? 
        and chapter_number=?
Hibernate: 
    delete 
    from
        book_chapters 
    where
        book_name=? 
        and chapter_number=?
Hibernate: 
    delete 
    from
        reading_progress 
    where
        book_name=?
Hibernate: 
    delete 
    from
        books 
    where
        book_name=?
Hibernate: 
    select
        b1_0.book_name 
    from
        books b1_0 
    where
        b1_0.book_name=? 
    fetch
        first ? rows only
Hibernate: 
    select
        b1_0.book_name,
        b1_0.planned_days,
        b1_0.start_date,
        b1_0.total_pages,
        c1_0.book_name,
        c1_0.chapter_number,
        c1_0.chapter_title,
        c1_0.end_page,
        c1_0.start_page 
    from
        books b1_0 
    left join
        book_chapters c1_0 
            on b1_0.book_name=c1_0.book_name 
    where
        b1_0.book_name=? 
    order by
        c1_0.chapter_number
Hibernate: 
    select
        bc1_0.book_name,
        bc1_0.chapter_number,
        bc1_0.chapter_title,
        bc1_0.end_page,
        bc1_0.start_page 
    from
        book_chapters bc1_0 
    where
        (
            bc1_0.book_name, bc1_0.chapter_number
        ) in ((?, ?))
Hibernate: 
    select
        bc1_0.book_name,
        bc1_0.chapter_number,
        bc1_0.chapter_title,
        bc1_0.end_page,
        bc1_0.start_page 
    from
        book_chapters bc1_0 
    where
        (
            bc1_0.book_name, bc1_0.chapter_number
        ) in ((?, ?))
Hibernate: 
    insert 
    into
        books
        (planned_days, start_date, total_pages, book_name) 
    values
        (?, ?, ?, ?)
Hibernate: 
    insert 
    into
        book_chapters
        (chapter_title, end_page, start_page, book_name, chapter_number) 
    values
        (?, ?, ?, ?, ?)
Hibernate: 
    insert 
    into
        book_chapters
        (chapter_title, end_page, start_page, book_name, chapter_number) 
    values
        (?, ?, ?, ?, ?)
Hibernate: 
    insert 
    into
        reading_progress
        (completed_pages, book_name) 
    values
        (?, ?)
Hibernate: 
    select
        b1_0.book_name,
        b1_0.planned_days,
        b1_0.start_date,
        b1_0.total_pages 
    from
        books b1_0 
    where
        b1_0.book_name=?
Hibernate: 
    select
        rp1_0.book_name,
        rp1_0.completed_pages 
    from
        reading_progress rp1_0 
    where
        rp1_0.book_name=?
]]></system-out>
  </testcase>
  <testcase name="shouldReturnDashboardSummaryWithCorrectCounts" classname="com.beyondthepage.beyondthepage.integration.ReadingTrackerIntegrationTest" time="0.014">
    <system-out><![CDATA[Hibernate: 
    select
        b1_0.book_name,
        b1_0.planned_days,
        b1_0.start_date,
        b1_0.total_pages 
    from
        books b1_0
Hibernate: 
    select
        rp1_0.book_name,
        rp1_0.completed_pages 
    from
        reading_progress rp1_0 
    where
        rp1_0.book_name=?
Hibernate: 
    select
        c1_0.book_name,
        c1_0.chapter_number,
        c1_0.chapter_title,
        c1_0.end_page,
        c1_0.start_page 
    from
        book_chapters c1_0 
    where
        c1_0.book_name=? 
    order by
        c1_0.chapter_number
Hibernate: 
    delete 
    from
        book_chapters 
    where
        book_name=? 
        and chapter_number=?
Hibernate: 
    delete 
    from
        book_chapters 
    where
        book_name=? 
        and chapter_number=?
Hibernate: 
    delete 
    from
        reading_progress 
    where
        book_name=?
Hibernate: 
    delete 
    from
        books 
    where
        book_name=?
Hibernate: 
    select
        b1_0.book_name 
    from
        books b1_0 
    where
        b1_0.book_name=? 
    fetch
        first ? rows only
Hibernate: 
    select
        b1_0.book_name,
        b1_0.planned_days,
        b1_0.start_date,
        b1_0.total_pages,
        c1_0.book_name,
        c1_0.chapter_number,
        c1_0.chapter_title,
        c1_0.end_page,
        c1_0.start_page 
    from
        books b1_0 
    left join
        book_chapters c1_0 
            on b1_0.book_name=c1_0.book_name 
    where
        b1_0.book_name=? 
    order by
        c1_0.chapter_number
Hibernate: 
    select
        bc1_0.book_name,
        bc1_0.chapter_number,
        bc1_0.chapter_title,
        bc1_0.end_page,
        bc1_0.start_page 
    from
        book_chapters bc1_0 
    where
        (
            bc1_0.book_name, bc1_0.chapter_number
        ) in ((?, ?))
Hibernate: 
    select
        bc1_0.book_name,
        bc1_0.chapter_number,
        bc1_0.chapter_title,
        bc1_0.end_page,
        bc1_0.start_page 
    from
        book_chapters bc1_0 
    where
        (
            bc1_0.book_name, bc1_0.chapter_number
        ) in ((?, ?))
Hibernate: 
    insert 
    into
        books
        (planned_days, start_date, total_pages, book_name) 
    values
        (?, ?, ?, ?)
Hibernate: 
    insert 
    into
        book_chapters
        (chapter_title, end_page, start_page, book_name, chapter_number) 
    values
        (?, ?, ?, ?, ?)
Hibernate: 
    insert 
    into
        book_chapters
        (chapter_title, end_page, start_page, book_name, chapter_number) 
    values
        (?, ?, ?, ?, ?)
Hibernate: 
    insert 
    into
        reading_progress
        (completed_pages, book_name) 
    values
        (?, ?)
Hibernate: 
    select
        b1_0.book_name,
        b1_0.planned_days,
        rp1_0.book_name,
        rp1_0.completed_pages,
        b1_0.start_date,
        b1_0.total_pages 
    from
        books b1_0 
    join
        reading_progress rp1_0 
            on b1_0.book_name=rp1_0.book_name 
    order by
        b1_0.book_name
]]></system-out>
  </testcase>
  <testcase name="shouldSetBookStatusToCompletedWhenAllPagesRead" classname="com.beyondthepage.beyondthepage.integration.ReadingTrackerIntegrationTest" time="0.019">
    <system-out><![CDATA[Hibernate: 
    select
        b1_0.book_name,
        b1_0.planned_days,
        b1_0.start_date,
        b1_0.total_pages 
    from
        books b1_0
Hibernate: 
    select
        rp1_0.book_name,
        rp1_0.completed_pages 
    from
        reading_progress rp1_0 
    where
        rp1_0.book_name=?
Hibernate: 
    select
        c1_0.book_name,
        c1_0.chapter_number,
        c1_0.chapter_title,
        c1_0.end_page,
        c1_0.start_page 
    from
        book_chapters c1_0 
    where
        c1_0.book_name=? 
    order by
        c1_0.chapter_number
Hibernate: 
    delete 
    from
        book_chapters 
    where
        book_name=? 
        and chapter_number=?
Hibernate: 
    delete 
    from
        book_chapters 
    where
        book_name=? 
        and chapter_number=?
Hibernate: 
    delete 
    from
        reading_progress 
    where
        book_name=?
Hibernate: 
    delete 
    from
        books 
    where
        book_name=?
Hibernate: 
    select
        b1_0.book_name 
    from
        books b1_0 
    where
        b1_0.book_name=? 
    fetch
        first ? rows only
Hibernate: 
    select
        b1_0.book_name,
        b1_0.planned_days,
        b1_0.start_date,
        b1_0.total_pages,
        c1_0.book_name,
        c1_0.chapter_number,
        c1_0.chapter_title,
        c1_0.end_page,
        c1_0.start_page 
    from
        books b1_0 
    left join
        book_chapters c1_0 
            on b1_0.book_name=c1_0.book_name 
    where
        b1_0.book_name=? 
    order by
        c1_0.chapter_number
Hibernate: 
    select
        bc1_0.book_name,
        bc1_0.chapter_number,
        bc1_0.chapter_title,
        bc1_0.end_page,
        bc1_0.start_page 
    from
        book_chapters bc1_0 
    where
        (
            bc1_0.book_name, bc1_0.chapter_number
        ) in ((?, ?))
Hibernate: 
    select
        bc1_0.book_name,
        bc1_0.chapter_number,
        bc1_0.chapter_title,
        bc1_0.end_page,
        bc1_0.start_page 
    from
        book_chapters bc1_0 
    where
        (
            bc1_0.book_name, bc1_0.chapter_number
        ) in ((?, ?))
Hibernate: 
    insert 
    into
        books
        (planned_days, start_date, total_pages, book_name) 
    values
        (?, ?, ?, ?)
Hibernate: 
    insert 
    into
        book_chapters
        (chapter_title, end_page, start_page, book_name, chapter_number) 
    values
        (?, ?, ?, ?, ?)
Hibernate: 
    insert 
    into
        book_chapters
        (chapter_title, end_page, start_page, book_name, chapter_number) 
    values
        (?, ?, ?, ?, ?)
Hibernate: 
    insert 
    into
        reading_progress
        (completed_pages, book_name) 
    values
        (?, ?)
Hibernate: 
    select
        b1_0.book_name,
        b1_0.planned_days,
        b1_0.start_date,
        b1_0.total_pages 
    from
        books b1_0 
    where
        b1_0.book_name=?
Hibernate: 
    select
        rp1_0.book_name,
        rp1_0.completed_pages 
    from
        reading_progress rp1_0 
    where
        rp1_0.book_name=?
Hibernate: 
    update
        reading_progress 
    set
        completed_pages=? 
    where
        book_name=?
Hibernate: 
    select
        b1_0.book_name,
        b1_0.planned_days,
        rp1_0.book_name,
        rp1_0.completed_pages,
        b1_0.start_date,
        b1_0.total_pages 
    from
        books b1_0 
    join
        reading_progress rp1_0 
            on b1_0.book_name=rp1_0.book_name 
    order by
        b1_0.book_name
]]></system-out>
  </testcase>
  <testcase name="shouldReturnAllBooksWithDerivedFields" classname="com.beyondthepage.beyondthepage.integration.ReadingTrackerIntegrationTest" time="0.013">
    <system-out><![CDATA[Hibernate: 
    select
        b1_0.book_name,
        b1_0.planned_days,
        b1_0.start_date,
        b1_0.total_pages 
    from
        books b1_0
Hibernate: 
    select
        rp1_0.book_name,
        rp1_0.completed_pages 
    from
        reading_progress rp1_0 
    where
        rp1_0.book_name=?
Hibernate: 
    select
        c1_0.book_name,
        c1_0.chapter_number,
        c1_0.chapter_title,
        c1_0.end_page,
        c1_0.start_page 
    from
        book_chapters c1_0 
    where
        c1_0.book_name=? 
    order by
        c1_0.chapter_number
Hibernate: 
    delete 
    from
        book_chapters 
    where
        book_name=? 
        and chapter_number=?
Hibernate: 
    delete 
    from
        book_chapters 
    where
        book_name=? 
        and chapter_number=?
Hibernate: 
    delete 
    from
        reading_progress 
    where
        book_name=?
Hibernate: 
    delete 
    from
        books 
    where
        book_name=?
Hibernate: 
    select
        b1_0.book_name 
    from
        books b1_0 
    where
        b1_0.book_name=? 
    fetch
        first ? rows only
Hibernate: 
    select
        b1_0.book_name,
        b1_0.planned_days,
        b1_0.start_date,
        b1_0.total_pages,
        c1_0.book_name,
        c1_0.chapter_number,
        c1_0.chapter_title,
        c1_0.end_page,
        c1_0.start_page 
    from
        books b1_0 
    left join
        book_chapters c1_0 
            on b1_0.book_name=c1_0.book_name 
    where
        b1_0.book_name=? 
    order by
        c1_0.chapter_number
Hibernate: 
    select
        bc1_0.book_name,
        bc1_0.chapter_number,
        bc1_0.chapter_title,
        bc1_0.end_page,
        bc1_0.start_page 
    from
        book_chapters bc1_0 
    where
        (
            bc1_0.book_name, bc1_0.chapter_number
        ) in ((?, ?))
Hibernate: 
    select
        bc1_0.book_name,
        bc1_0.chapter_number,
        bc1_0.chapter_title,
        bc1_0.end_page,
        bc1_0.start_page 
    from
        book_chapters bc1_0 
    where
        (
            bc1_0.book_name, bc1_0.chapter_number
        ) in ((?, ?))
Hibernate: 
    insert 
    into
        books
        (planned_days, start_date, total_pages, book_name) 
    values
        (?, ?, ?, ?)
Hibernate: 
    insert 
    into
        book_chapters
        (chapter_title, end_page, start_page, book_name, chapter_number) 
    values
        (?, ?, ?, ?, ?)
Hibernate: 
    insert 
    into
        book_chapters
        (chapter_title, end_page, start_page, book_name, chapter_number) 
    values
        (?, ?, ?, ?, ?)
Hibernate: 
    insert 
    into
        reading_progress
        (completed_pages, book_name) 
    values
        (?, ?)
Hibernate: 
    select
        b1_0.book_name,
        b1_0.planned_days,
        rp1_0.book_name,
        rp1_0.completed_pages,
        b1_0.start_date,
        b1_0.total_pages 
    from
        books b1_0 
    join
        reading_progress rp1_0 
            on b1_0.book_name=rp1_0.book_name 
    order by
        b1_0.book_name
]]></system-out>
  </testcase>
  <testcase name="shouldReturnDailyDashboard" classname="com.beyondthepage.beyondthepage.integration.ReadingTrackerIntegrationTest" time="0.014">
    <system-out><![CDATA[Hibernate: 
    select
        b1_0.book_name,
        b1_0.planned_days,
        b1_0.start_date,
        b1_0.total_pages 
    from
        books b1_0
Hibernate: 
    select
        rp1_0.book_name,
        rp1_0.completed_pages 
    from
        reading_progress rp1_0 
    where
        rp1_0.book_name=?
Hibernate: 
    select
        c1_0.book_name,
        c1_0.chapter_number,
        c1_0.chapter_title,
        c1_0.end_page,
        c1_0.start_page 
    from
        book_chapters c1_0 
    where
        c1_0.book_name=? 
    order by
        c1_0.chapter_number
Hibernate: 
    delete 
    from
        book_chapters 
    where
        book_name=? 
        and chapter_number=?
Hibernate: 
    delete 
    from
        book_chapters 
    where
        book_name=? 
        and chapter_number=?
Hibernate: 
    delete 
    from
        reading_progress 
    where
        book_name=?
Hibernate: 
    delete 
    from
        books 
    where
        book_name=?
Hibernate: 
    select
        b1_0.book_name 
    from
        books b1_0 
    where
        b1_0.book_name=? 
    fetch
        first ? rows only
Hibernate: 
    select
        b1_0.book_name,
        b1_0.planned_days,
        b1_0.start_date,
        b1_0.total_pages,
        c1_0.book_name,
        c1_0.chapter_number,
        c1_0.chapter_title,
        c1_0.end_page,
        c1_0.start_page 
    from
        books b1_0 
    left join
        book_chapters c1_0 
            on b1_0.book_name=c1_0.book_name 
    where
        b1_0.book_name=? 
    order by
        c1_0.chapter_number
Hibernate: 
    select
        bc1_0.book_name,
        bc1_0.chapter_number,
        bc1_0.chapter_title,
        bc1_0.end_page,
        bc1_0.start_page 
    from
        book_chapters bc1_0 
    where
        (
            bc1_0.book_name, bc1_0.chapter_number
        ) in ((?, ?))
Hibernate: 
    select
        bc1_0.book_name,
        bc1_0.chapter_number,
        bc1_0.chapter_title,
        bc1_0.end_page,
        bc1_0.start_page 
    from
        book_chapters bc1_0 
    where
        (
            bc1_0.book_name, bc1_0.chapter_number
        ) in ((?, ?))
Hibernate: 
    insert 
    into
        books
        (planned_days, start_date, total_pages, book_name) 
    values
        (?, ?, ?, ?)
Hibernate: 
    insert 
    into
        book_chapters
        (chapter_title, end_page, start_page, book_name, chapter_number) 
    values
        (?, ?, ?, ?, ?)
Hibernate: 
    insert 
    into
        book_chapters
        (chapter_title, end_page, start_page, book_name, chapter_number) 
    values
        (?, ?, ?, ?, ?)
Hibernate: 
    insert 
    into
        reading_progress
        (completed_pages, book_name) 
    values
        (?, ?)
Hibernate: 
    select
        b1_0.book_name,
        b1_0.planned_days,
        rp1_0.book_name,
        rp1_0.completed_pages,
        b1_0.start_date,
        b1_0.total_pages 
    from
        books b1_0 
    join
        reading_progress rp1_0 
            on b1_0.book_name=rp1_0.book_name 
    order by
        b1_0.book_name
]]></system-out>
  </testcase>
  <testcase name="shouldReturnMonthlyDashboard" classname="com.beyondthepage.beyondthepage.integration.ReadingTrackerIntegrationTest" time="0.014">
    <system-out><![CDATA[Hibernate: 
    select
        b1_0.book_name,
        b1_0.planned_days,
        b1_0.start_date,
        b1_0.total_pages 
    from
        books b1_0
Hibernate: 
    select
        rp1_0.book_name,
        rp1_0.completed_pages 
    from
        reading_progress rp1_0 
    where
        rp1_0.book_name=?
Hibernate: 
    select
        c1_0.book_name,
        c1_0.chapter_number,
        c1_0.chapter_title,
        c1_0.end_page,
        c1_0.start_page 
    from
        book_chapters c1_0 
    where
        c1_0.book_name=? 
    order by
        c1_0.chapter_number
Hibernate: 
    delete 
    from
        book_chapters 
    where
        book_name=? 
        and chapter_number=?
Hibernate: 
    delete 
    from
        book_chapters 
    where
        book_name=? 
        and chapter_number=?
Hibernate: 
    delete 
    from
        reading_progress 
    where
        book_name=?
Hibernate: 
    delete 
    from
        books 
    where
        book_name=?
Hibernate: 
    select
        b1_0.book_name 
    from
        books b1_0 
    where
        b1_0.book_name=? 
    fetch
        first ? rows only
Hibernate: 
    select
        b1_0.book_name,
        b1_0.planned_days,
        b1_0.start_date,
        b1_0.total_pages,
        c1_0.book_name,
        c1_0.chapter_number,
        c1_0.chapter_title,
        c1_0.end_page,
        c1_0.start_page 
    from
        books b1_0 
    left join
        book_chapters c1_0 
            on b1_0.book_name=c1_0.book_name 
    where
        b1_0.book_name=? 
    order by
        c1_0.chapter_number
Hibernate: 
    select
        bc1_0.book_name,
        bc1_0.chapter_number,
        bc1_0.chapter_title,
        bc1_0.end_page,
        bc1_0.start_page 
    from
        book_chapters bc1_0 
    where
        (
            bc1_0.book_name, bc1_0.chapter_number
        ) in ((?, ?))
Hibernate: 
    select
        bc1_0.book_name,
        bc1_0.chapter_number,
        bc1_0.chapter_title,
        bc1_0.end_page,
        bc1_0.start_page 
    from
        book_chapters bc1_0 
    where
        (
            bc1_0.book_name, bc1_0.chapter_number
        ) in ((?, ?))
Hibernate: 
    insert 
    into
        books
        (planned_days, start_date, total_pages, book_name) 
    values
        (?, ?, ?, ?)
Hibernate: 
    insert 
    into
        book_chapters
        (chapter_title, end_page, start_page, book_name, chapter_number) 
    values
        (?, ?, ?, ?, ?)
Hibernate: 
    insert 
    into
        book_chapters
        (chapter_title, end_page, start_page, book_name, chapter_number) 
    values
        (?, ?, ?, ?, ?)
Hibernate: 
    insert 
    into
        reading_progress
        (completed_pages, book_name) 
    values
        (?, ?)
Hibernate: 
    select
        b1_0.book_name,
        b1_0.planned_days,
        rp1_0.book_name,
        rp1_0.completed_pages,
        b1_0.start_date,
        b1_0.total_pages 
    from
        books b1_0 
    join
        reading_progress rp1_0 
            on b1_0.book_name=rp1_0.book_name 
    order by
        b1_0.book_name
]]></system-out>
  </testcase>
  <testcase name="shouldReturn400WhenFirstChapterDoesNotStartAtPageOne" classname="com.beyondthepage.beyondthepage.integration.ReadingTrackerIntegrationTest" time="0.013">
    <system-out><![CDATA[Hibernate: 
    select
        b1_0.book_name,
        b1_0.planned_days,
        b1_0.start_date,
        b1_0.total_pages 
    from
        books b1_0
Hibernate: 
    select
        rp1_0.book_name,
        rp1_0.completed_pages 
    from
        reading_progress rp1_0 
    where
        rp1_0.book_name=?
Hibernate: 
    select
        c1_0.book_name,
        c1_0.chapter_number,
        c1_0.chapter_title,
        c1_0.end_page,
        c1_0.start_page 
    from
        book_chapters c1_0 
    where
        c1_0.book_name=? 
    order by
        c1_0.chapter_number
Hibernate: 
    delete 
    from
        book_chapters 
    where
        book_name=? 
        and chapter_number=?
Hibernate: 
    delete 
    from
        book_chapters 
    where
        book_name=? 
        and chapter_number=?
Hibernate: 
    delete 
    from
        reading_progress 
    where
        book_name=?
Hibernate: 
    delete 
    from
        books 
    where
        book_name=?
Hibernate: 
    select
        b1_0.book_name 
    from
        books b1_0 
    where
        b1_0.book_name=? 
    fetch
        first ? rows only
Hibernate: 
    select
        b1_0.book_name,
        b1_0.planned_days,
        b1_0.start_date,
        b1_0.total_pages,
        c1_0.book_name,
        c1_0.chapter_number,
        c1_0.chapter_title,
        c1_0.end_page,
        c1_0.start_page 
    from
        books b1_0 
    left join
        book_chapters c1_0 
            on b1_0.book_name=c1_0.book_name 
    where
        b1_0.book_name=? 
    order by
        c1_0.chapter_number
Hibernate: 
    select
        bc1_0.book_name,
        bc1_0.chapter_number,
        bc1_0.chapter_title,
        bc1_0.end_page,
        bc1_0.start_page 
    from
        book_chapters bc1_0 
    where
        (
            bc1_0.book_name, bc1_0.chapter_number
        ) in ((?, ?))
Hibernate: 
    select
        bc1_0.book_name,
        bc1_0.chapter_number,
        bc1_0.chapter_title,
        bc1_0.end_page,
        bc1_0.start_page 
    from
        book_chapters bc1_0 
    where
        (
            bc1_0.book_name, bc1_0.chapter_number
        ) in ((?, ?))
Hibernate: 
    insert 
    into
        books
        (planned_days, start_date, total_pages, book_name) 
    values
        (?, ?, ?, ?)
Hibernate: 
    insert 
    into
        book_chapters
        (chapter_title, end_page, start_page, book_name, chapter_number) 
    values
        (?, ?, ?, ?, ?)
Hibernate: 
    insert 
    into
        book_chapters
        (chapter_title, end_page, start_page, book_name, chapter_number) 
    values
        (?, ?, ?, ?, ?)
Hibernate: 
    insert 
    into
        reading_progress
        (completed_pages, book_name) 
    values
        (?, ?)
Hibernate: 
    select
        b1_0.book_name 
    from
        books b1_0 
    where
        b1_0.book_name=? 
    fetch
        first ? rows only
]]></system-out>
  </testcase>
  <testcase name="shouldReturnBookDetailWithChapters" classname="com.beyondthepage.beyondthepage.integration.ReadingTrackerIntegrationTest" time="0.019">
    <system-out><![CDATA[Hibernate: 
    select
        b1_0.book_name,
        b1_0.planned_days,
        b1_0.start_date,
        b1_0.total_pages 
    from
        books b1_0
Hibernate: 
    select
        rp1_0.book_name,
        rp1_0.completed_pages 
    from
        reading_progress rp1_0 
    where
        rp1_0.book_name=?
Hibernate: 
    select
        c1_0.book_name,
        c1_0.chapter_number,
        c1_0.chapter_title,
        c1_0.end_page,
        c1_0.start_page 
    from
        book_chapters c1_0 
    where
        c1_0.book_name=? 
    order by
        c1_0.chapter_number
Hibernate: 
    delete 
    from
        book_chapters 
    where
        book_name=? 
        and chapter_number=?
Hibernate: 
    delete 
    from
        book_chapters 
    where
        book_name=? 
        and chapter_number=?
Hibernate: 
    delete 
    from
        reading_progress 
    where
        book_name=?
Hibernate: 
    delete 
    from
        books 
    where
        book_name=?
Hibernate: 
    select
        b1_0.book_name 
    from
        books b1_0 
    where
        b1_0.book_name=? 
    fetch
        first ? rows only
Hibernate: 
    select
        b1_0.book_name,
        b1_0.planned_days,
        b1_0.start_date,
        b1_0.total_pages,
        c1_0.book_name,
        c1_0.chapter_number,
        c1_0.chapter_title,
        c1_0.end_page,
        c1_0.start_page 
    from
        books b1_0 
    left join
        book_chapters c1_0 
            on b1_0.book_name=c1_0.book_name 
    where
        b1_0.book_name=? 
    order by
        c1_0.chapter_number
Hibernate: 
    select
        bc1_0.book_name,
        bc1_0.chapter_number,
        bc1_0.chapter_title,
        bc1_0.end_page,
        bc1_0.start_page 
    from
        book_chapters bc1_0 
    where
        (
            bc1_0.book_name, bc1_0.chapter_number
        ) in ((?, ?))
Hibernate: 
    select
        bc1_0.book_name,
        bc1_0.chapter_number,
        bc1_0.chapter_title,
        bc1_0.end_page,
        bc1_0.start_page 
    from
        book_chapters bc1_0 
    where
        (
            bc1_0.book_name, bc1_0.chapter_number
        ) in ((?, ?))
Hibernate: 
    insert 
    into
        books
        (planned_days, start_date, total_pages, book_name) 
    values
        (?, ?, ?, ?)
Hibernate: 
    insert 
    into
        book_chapters
        (chapter_title, end_page, start_page, book_name, chapter_number) 
    values
        (?, ?, ?, ?, ?)
Hibernate: 
    insert 
    into
        book_chapters
        (chapter_title, end_page, start_page, book_name, chapter_number) 
    values
        (?, ?, ?, ?, ?)
Hibernate: 
    insert 
    into
        reading_progress
        (completed_pages, book_name) 
    values
        (?, ?)
Hibernate: 
    select
        b1_0.book_name,
        c1_0.book_name,
        c1_0.chapter_number,
        c1_0.chapter_title,
        c1_0.end_page,
        c1_0.start_page,
        b1_0.planned_days,
        rp1_0.book_name,
        rp1_0.completed_pages,
        b1_0.start_date,
        b1_0.total_pages 
    from
        books b1_0 
    join
        reading_progress rp1_0 
            on b1_0.book_name=rp1_0.book_name 
    left join
        book_chapters c1_0 
            on b1_0.book_name=c1_0.book_name 
    where
        b1_0.book_name=? 
    order by
        c1_0.chapter_number
]]></system-out>
  </testcase>
  <testcase name="shouldUpdateProgressSuccessfully" classname="com.beyondthepage.beyondthepage.integration.ReadingTrackerIntegrationTest" time="0.014">
    <system-out><![CDATA[Hibernate: 
    select
        b1_0.book_name,
        b1_0.planned_days,
        b1_0.start_date,
        b1_0.total_pages 
    from
        books b1_0
Hibernate: 
    select
        rp1_0.book_name,
        rp1_0.completed_pages 
    from
        reading_progress rp1_0 
    where
        rp1_0.book_name=?
Hibernate: 
    select
        c1_0.book_name,
        c1_0.chapter_number,
        c1_0.chapter_title,
        c1_0.end_page,
        c1_0.start_page 
    from
        book_chapters c1_0 
    where
        c1_0.book_name=? 
    order by
        c1_0.chapter_number
Hibernate: 
    delete 
    from
        book_chapters 
    where
        book_name=? 
        and chapter_number=?
Hibernate: 
    delete 
    from
        book_chapters 
    where
        book_name=? 
        and chapter_number=?
Hibernate: 
    delete 
    from
        reading_progress 
    where
        book_name=?
Hibernate: 
    delete 
    from
        books 
    where
        book_name=?
Hibernate: 
    select
        b1_0.book_name 
    from
        books b1_0 
    where
        b1_0.book_name=? 
    fetch
        first ? rows only
Hibernate: 
    select
        b1_0.book_name,
        b1_0.planned_days,
        b1_0.start_date,
        b1_0.total_pages,
        c1_0.book_name,
        c1_0.chapter_number,
        c1_0.chapter_title,
        c1_0.end_page,
        c1_0.start_page 
    from
        books b1_0 
    left join
        book_chapters c1_0 
            on b1_0.book_name=c1_0.book_name 
    where
        b1_0.book_name=? 
    order by
        c1_0.chapter_number
Hibernate: 
    select
        bc1_0.book_name,
        bc1_0.chapter_number,
        bc1_0.chapter_title,
        bc1_0.end_page,
        bc1_0.start_page 
    from
        book_chapters bc1_0 
    where
        (
            bc1_0.book_name, bc1_0.chapter_number
        ) in ((?, ?))
Hibernate: 
    select
        bc1_0.book_name,
        bc1_0.chapter_number,
        bc1_0.chapter_title,
        bc1_0.end_page,
        bc1_0.start_page 
    from
        book_chapters bc1_0 
    where
        (
            bc1_0.book_name, bc1_0.chapter_number
        ) in ((?, ?))
Hibernate: 
    insert 
    into
        books
        (planned_days, start_date, total_pages, book_name) 
    values
        (?, ?, ?, ?)
Hibernate: 
    insert 
    into
        book_chapters
        (chapter_title, end_page, start_page, book_name, chapter_number) 
    values
        (?, ?, ?, ?, ?)
Hibernate: 
    insert 
    into
        book_chapters
        (chapter_title, end_page, start_page, book_name, chapter_number) 
    values
        (?, ?, ?, ?, ?)
Hibernate: 
    insert 
    into
        reading_progress
        (completed_pages, book_name) 
    values
        (?, ?)
Hibernate: 
    select
        b1_0.book_name,
        b1_0.planned_days,
        b1_0.start_date,
        b1_0.total_pages 
    from
        books b1_0 
    where
        b1_0.book_name=?
Hibernate: 
    select
        rp1_0.book_name,
        rp1_0.completed_pages 
    from
        reading_progress rp1_0 
    where
        rp1_0.book_name=?
Hibernate: 
    update
        reading_progress 
    set
        completed_pages=? 
    where
        book_name=?
Hibernate: 
    select
        b1_0.book_name,
        c1_0.book_name,
        c1_0.chapter_number,
        c1_0.chapter_title,
        c1_0.end_page,
        c1_0.start_page,
        b1_0.planned_days,
        rp1_0.book_name,
        rp1_0.completed_pages,
        b1_0.start_date,
        b1_0.total_pages 
    from
        books b1_0 
    join
        reading_progress rp1_0 
            on b1_0.book_name=rp1_0.book_name 
    left join
        book_chapters c1_0 
            on b1_0.book_name=c1_0.book_name 
    where
        b1_0.book_name=? 
    order by
        c1_0.chapter_number
]]></system-out>
  </testcase>
  <testcase name="shouldReturn400WhenLastChapterDoesNotEndAtTotalPages" classname="com.beyondthepage.beyondthepage.integration.ReadingTrackerIntegrationTest" time="0.01">
    <system-out><![CDATA[Hibernate: 
    select
        b1_0.book_name,
        b1_0.planned_days,
        b1_0.start_date,
        b1_0.total_pages 
    from
        books b1_0
Hibernate: 
    select
        rp1_0.book_name,
        rp1_0.completed_pages 
    from
        reading_progress rp1_0 
    where
        rp1_0.book_name=?
Hibernate: 
    select
        c1_0.book_name,
        c1_0.chapter_number,
        c1_0.chapter_title,
        c1_0.end_page,
        c1_0.start_page 
    from
        book_chapters c1_0 
    where
        c1_0.book_name=? 
    order by
        c1_0.chapter_number
Hibernate: 
    delete 
    from
        book_chapters 
    where
        book_name=? 
        and chapter_number=?
Hibernate: 
    delete 
    from
        book_chapters 
    where
        book_name=? 
        and chapter_number=?
Hibernate: 
    delete 
    from
        reading_progress 
    where
        book_name=?
Hibernate: 
    delete 
    from
        books 
    where
        book_name=?
Hibernate: 
    select
        b1_0.book_name 
    from
        books b1_0 
    where
        b1_0.book_name=? 
    fetch
        first ? rows only
Hibernate: 
    select
        b1_0.book_name,
        b1_0.planned_days,
        b1_0.start_date,
        b1_0.total_pages,
        c1_0.book_name,
        c1_0.chapter_number,
        c1_0.chapter_title,
        c1_0.end_page,
        c1_0.start_page 
    from
        books b1_0 
    left join
        book_chapters c1_0 
            on b1_0.book_name=c1_0.book_name 
    where
        b1_0.book_name=? 
    order by
        c1_0.chapter_number
Hibernate: 
    select
        bc1_0.book_name,
        bc1_0.chapter_number,
        bc1_0.chapter_title,
        bc1_0.end_page,
        bc1_0.start_page 
    from
        book_chapters bc1_0 
    where
        (
            bc1_0.book_name, bc1_0.chapter_number
        ) in ((?, ?))
Hibernate: 
    select
        bc1_0.book_name,
        bc1_0.chapter_number,
        bc1_0.chapter_title,
        bc1_0.end_page,
        bc1_0.start_page 
    from
        book_chapters bc1_0 
    where
        (
            bc1_0.book_name, bc1_0.chapter_number
        ) in ((?, ?))
Hibernate: 
    insert 
    into
        books
        (planned_days, start_date, total_pages, book_name) 
    values
        (?, ?, ?, ?)
Hibernate: 
    insert 
    into
        book_chapters
        (chapter_title, end_page, start_page, book_name, chapter_number) 
    values
        (?, ?, ?, ?, ?)
Hibernate: 
    insert 
    into
        book_chapters
        (chapter_title, end_page, start_page, book_name, chapter_number) 
    values
        (?, ?, ?, ?, ?)
Hibernate: 
    insert 
    into
        reading_progress
        (completed_pages, book_name) 
    values
        (?, ?)
Hibernate: 
    select
        b1_0.book_name 
    from
        books b1_0 
    where
        b1_0.book_name=? 
    fetch
        first ? rows only
]]></system-out>
  </testcase>
  <testcase name="shouldReturn400WhenBookNameIsBlank" classname="com.beyondthepage.beyondthepage.integration.ReadingTrackerIntegrationTest" time="0.011">
    <system-out><![CDATA[Hibernate: 
    select
        b1_0.book_name,
        b1_0.planned_days,
        b1_0.start_date,
        b1_0.total_pages 
    from
        books b1_0
Hibernate: 
    select
        rp1_0.book_name,
        rp1_0.completed_pages 
    from
        reading_progress rp1_0 
    where
        rp1_0.book_name=?
Hibernate: 
    select
        c1_0.book_name,
        c1_0.chapter_number,
        c1_0.chapter_title,
        c1_0.end_page,
        c1_0.start_page 
    from
        book_chapters c1_0 
    where
        c1_0.book_name=? 
    order by
        c1_0.chapter_number
Hibernate: 
    delete 
    from
        book_chapters 
    where
        book_name=? 
        and chapter_number=?
Hibernate: 
    delete 
    from
        book_chapters 
    where
        book_name=? 
        and chapter_number=?
Hibernate: 
    delete 
    from
        reading_progress 
    where
        book_name=?
Hibernate: 
    delete 
    from
        books 
    where
        book_name=?
Hibernate: 
    select
        b1_0.book_name 
    from
        books b1_0 
    where
        b1_0.book_name=? 
    fetch
        first ? rows only
Hibernate: 
    select
        b1_0.book_name,
        b1_0.planned_days,
        b1_0.start_date,
        b1_0.total_pages,
        c1_0.book_name,
        c1_0.chapter_number,
        c1_0.chapter_title,
        c1_0.end_page,
        c1_0.start_page 
    from
        books b1_0 
    left join
        book_chapters c1_0 
            on b1_0.book_name=c1_0.book_name 
    where
        b1_0.book_name=? 
    order by
        c1_0.chapter_number
Hibernate: 
    select
        bc1_0.book_name,
        bc1_0.chapter_number,
        bc1_0.chapter_title,
        bc1_0.end_page,
        bc1_0.start_page 
    from
        book_chapters bc1_0 
    where
        (
            bc1_0.book_name, bc1_0.chapter_number
        ) in ((?, ?))
Hibernate: 
    select
        bc1_0.book_name,
        bc1_0.chapter_number,
        bc1_0.chapter_title,
        bc1_0.end_page,
        bc1_0.start_page 
    from
        book_chapters bc1_0 
    where
        (
            bc1_0.book_name, bc1_0.chapter_number
        ) in ((?, ?))
Hibernate: 
    insert 
    into
        books
        (planned_days, start_date, total_pages, book_name) 
    values
        (?, ?, ?, ?)
Hibernate: 
    insert 
    into
        book_chapters
        (chapter_title, end_page, start_page, book_name, chapter_number) 
    values
        (?, ?, ?, ?, ?)
Hibernate: 
    insert 
    into
        book_chapters
        (chapter_title, end_page, start_page, book_name, chapter_number) 
    values
        (?, ?, ?, ?, ?)
Hibernate: 
    insert 
    into
        reading_progress
        (completed_pages, book_name) 
    values
        (?, ?)
]]></system-out>
  </testcase>
  <testcase name="shouldCreateBookAndReturnCreatedResponse" classname="com.beyondthepage.beyondthepage.integration.ReadingTrackerIntegrationTest" time="0.012">
    <system-out><![CDATA[Hibernate: 
    select
        b1_0.book_name,
        b1_0.planned_days,
        b1_0.start_date,
        b1_0.total_pages 
    from
        books b1_0
Hibernate: 
    select
        rp1_0.book_name,
        rp1_0.completed_pages 
    from
        reading_progress rp1_0 
    where
        rp1_0.book_name=?
Hibernate: 
    select
        c1_0.book_name,
        c1_0.chapter_number,
        c1_0.chapter_title,
        c1_0.end_page,
        c1_0.start_page 
    from
        book_chapters c1_0 
    where
        c1_0.book_name=? 
    order by
        c1_0.chapter_number
Hibernate: 
    delete 
    from
        book_chapters 
    where
        book_name=? 
        and chapter_number=?
Hibernate: 
    delete 
    from
        book_chapters 
    where
        book_name=? 
        and chapter_number=?
Hibernate: 
    delete 
    from
        reading_progress 
    where
        book_name=?
Hibernate: 
    delete 
    from
        books 
    where
        book_name=?
Hibernate: 
    select
        b1_0.book_name 
    from
        books b1_0 
    where
        b1_0.book_name=? 
    fetch
        first ? rows only
Hibernate: 
    select
        b1_0.book_name,
        b1_0.planned_days,
        b1_0.start_date,
        b1_0.total_pages,
        c1_0.book_name,
        c1_0.chapter_number,
        c1_0.chapter_title,
        c1_0.end_page,
        c1_0.start_page 
    from
        books b1_0 
    left join
        book_chapters c1_0 
            on b1_0.book_name=c1_0.book_name 
    where
        b1_0.book_name=? 
    order by
        c1_0.chapter_number
Hibernate: 
    select
        bc1_0.book_name,
        bc1_0.chapter_number,
        bc1_0.chapter_title,
        bc1_0.end_page,
        bc1_0.start_page 
    from
        book_chapters bc1_0 
    where
        (
            bc1_0.book_name, bc1_0.chapter_number
        ) in ((?, ?))
Hibernate: 
    select
        bc1_0.book_name,
        bc1_0.chapter_number,
        bc1_0.chapter_title,
        bc1_0.end_page,
        bc1_0.start_page 
    from
        book_chapters bc1_0 
    where
        (
            bc1_0.book_name, bc1_0.chapter_number
        ) in ((?, ?))
Hibernate: 
    insert 
    into
        books
        (planned_days, start_date, total_pages, book_name) 
    values
        (?, ?, ?, ?)
Hibernate: 
    insert 
    into
        book_chapters
        (chapter_title, end_page, start_page, book_name, chapter_number) 
    values
        (?, ?, ?, ?, ?)
Hibernate: 
    insert 
    into
        book_chapters
        (chapter_title, end_page, start_page, book_name, chapter_number) 
    values
        (?, ?, ?, ?, ?)
Hibernate: 
    insert 
    into
        reading_progress
        (completed_pages, book_name) 
    values
        (?, ?)
Hibernate: 
    select
        b1_0.book_name 
    from
        books b1_0 
    where
        b1_0.book_name=? 
    fetch
        first ? rows only
Hibernate: 
    select
        b1_0.book_name,
        b1_0.planned_days,
        b1_0.start_date,
        b1_0.total_pages,
        c1_0.book_name,
        c1_0.chapter_number,
        c1_0.chapter_title,
        c1_0.end_page,
        c1_0.start_page 
    from
        books b1_0 
    left join
        book_chapters c1_0 
            on b1_0.book_name=c1_0.book_name 
    where
        b1_0.book_name=? 
    order by
        c1_0.chapter_number
Hibernate: 
    select
        bc1_0.book_name,
        bc1_0.chapter_number,
        bc1_0.chapter_title,
        bc1_0.end_page,
        bc1_0.start_page 
    from
        book_chapters bc1_0 
    where
        (
            bc1_0.book_name, bc1_0.chapter_number
        ) in ((?, ?))
Hibernate: 
    insert 
    into
        books
        (planned_days, start_date, total_pages, book_name) 
    values
        (?, ?, ?, ?)
Hibernate: 
    insert 
    into
        book_chapters
        (chapter_title, end_page, start_page, book_name, chapter_number) 
    values
        (?, ?, ?, ?, ?)
Hibernate: 
    insert 
    into
        reading_progress
        (completed_pages, book_name) 
    values
        (?, ?)
]]></system-out>
  </testcase>
  <testcase name="shouldAllowProgressToBeReducedToLowerValue" classname="com.beyondthepage.beyondthepage.integration.ReadingTrackerIntegrationTest" time="0.017">
    <system-out><![CDATA[Hibernate: 
    select
        b1_0.book_name,
        b1_0.planned_days,
        b1_0.start_date,
        b1_0.total_pages 
    from
        books b1_0
Hibernate: 
    select
        rp1_0.book_name,
        rp1_0.completed_pages 
    from
        reading_progress rp1_0 
    where
        rp1_0.book_name=?
Hibernate: 
    select
        rp1_0.book_name,
        rp1_0.completed_pages 
    from
        reading_progress rp1_0 
    where
        rp1_0.book_name=?
Hibernate: 
    select
        c1_0.book_name,
        c1_0.chapter_number,
        c1_0.chapter_title,
        c1_0.end_page,
        c1_0.start_page 
    from
        book_chapters c1_0 
    where
        c1_0.book_name=? 
    order by
        c1_0.chapter_number
Hibernate: 
    select
        c1_0.book_name,
        c1_0.chapter_number,
        c1_0.chapter_title,
        c1_0.end_page,
        c1_0.start_page 
    from
        book_chapters c1_0 
    where
        c1_0.book_name=? 
    order by
        c1_0.chapter_number
Hibernate: 
    delete 
    from
        book_chapters 
    where
        book_name=? 
        and chapter_number=?
Hibernate: 
    delete 
    from
        book_chapters 
    where
        book_name=? 
        and chapter_number=?
Hibernate: 
    delete 
    from
        reading_progress 
    where
        book_name=?
Hibernate: 
    delete 
    from
        books 
    where
        book_name=?
Hibernate: 
    delete 
    from
        book_chapters 
    where
        book_name=? 
        and chapter_number=?
Hibernate: 
    delete 
    from
        reading_progress 
    where
        book_name=?
Hibernate: 
    delete 
    from
        books 
    where
        book_name=?
Hibernate: 
    select
        b1_0.book_name 
    from
        books b1_0 
    where
        b1_0.book_name=? 
    fetch
        first ? rows only
Hibernate: 
    select
        b1_0.book_name,
        b1_0.planned_days,
        b1_0.start_date,
        b1_0.total_pages,
        c1_0.book_name,
        c1_0.chapter_number,
        c1_0.chapter_title,
        c1_0.end_page,
        c1_0.start_page 
    from
        books b1_0 
    left join
        book_chapters c1_0 
            on b1_0.book_name=c1_0.book_name 
    where
        b1_0.book_name=? 
    order by
        c1_0.chapter_number
Hibernate: 
    select
        bc1_0.book_name,
        bc1_0.chapter_number,
        bc1_0.chapter_title,
        bc1_0.end_page,
        bc1_0.start_page 
    from
        book_chapters bc1_0 
    where
        (
            bc1_0.book_name, bc1_0.chapter_number
        ) in ((?, ?))
Hibernate: 
    select
        bc1_0.book_name,
        bc1_0.chapter_number,
        bc1_0.chapter_title,
        bc1_0.end_page,
        bc1_0.start_page 
    from
        book_chapters bc1_0 
    where
        (
            bc1_0.book_name, bc1_0.chapter_number
        ) in ((?, ?))
Hibernate: 
    insert 
    into
        books
        (planned_days, start_date, total_pages, book_name) 
    values
        (?, ?, ?, ?)
Hibernate: 
    insert 
    into
        book_chapters
        (chapter_title, end_page, start_page, book_name, chapter_number) 
    values
        (?, ?, ?, ?, ?)
Hibernate: 
    insert 
    into
        book_chapters
        (chapter_title, end_page, start_page, book_name, chapter_number) 
    values
        (?, ?, ?, ?, ?)
Hibernate: 
    insert 
    into
        reading_progress
        (completed_pages, book_name) 
    values
        (?, ?)
Hibernate: 
    select
        b1_0.book_name,
        b1_0.planned_days,
        b1_0.start_date,
        b1_0.total_pages 
    from
        books b1_0 
    where
        b1_0.book_name=?
Hibernate: 
    select
        rp1_0.book_name,
        rp1_0.completed_pages 
    from
        reading_progress rp1_0 
    where
        rp1_0.book_name=?
Hibernate: 
    update
        reading_progress 
    set
        completed_pages=? 
    where
        book_name=?
Hibernate: 
    select
        b1_0.book_name,
        b1_0.planned_days,
        b1_0.start_date,
        b1_0.total_pages 
    from
        books b1_0 
    where
        b1_0.book_name=?
Hibernate: 
    select
        rp1_0.book_name,
        rp1_0.completed_pages 
    from
        reading_progress rp1_0 
    where
        rp1_0.book_name=?
Hibernate: 
    update
        reading_progress 
    set
        completed_pages=? 
    where
        book_name=?
Hibernate: 
    select
        b1_0.book_name,
        c1_0.book_name,
        c1_0.chapter_number,
        c1_0.chapter_title,
        c1_0.end_page,
        c1_0.start_page,
        b1_0.planned_days,
        rp1_0.book_name,
        rp1_0.completed_pages,
        b1_0.start_date,
        b1_0.total_pages 
    from
        books b1_0 
    join
        reading_progress rp1_0 
            on b1_0.book_name=rp1_0.book_name 
    left join
        book_chapters c1_0 
            on b1_0.book_name=c1_0.book_name 
    where
        b1_0.book_name=? 
    order by
        c1_0.chapter_number
]]></system-out>
  </testcase>
  <testcase name="shouldReturn404WhenBookNotFound" classname="com.beyondthepage.beyondthepage.integration.ReadingTrackerIntegrationTest" time="0.01">
    <system-out><![CDATA[Hibernate: 
    select
        b1_0.book_name,
        b1_0.planned_days,
        b1_0.start_date,
        b1_0.total_pages 
    from
        books b1_0
Hibernate: 
    select
        rp1_0.book_name,
        rp1_0.completed_pages 
    from
        reading_progress rp1_0 
    where
        rp1_0.book_name=?
Hibernate: 
    select
        c1_0.book_name,
        c1_0.chapter_number,
        c1_0.chapter_title,
        c1_0.end_page,
        c1_0.start_page 
    from
        book_chapters c1_0 
    where
        c1_0.book_name=? 
    order by
        c1_0.chapter_number
Hibernate: 
    delete 
    from
        book_chapters 
    where
        book_name=? 
        and chapter_number=?
Hibernate: 
    delete 
    from
        book_chapters 
    where
        book_name=? 
        and chapter_number=?
Hibernate: 
    delete 
    from
        reading_progress 
    where
        book_name=?
Hibernate: 
    delete 
    from
        books 
    where
        book_name=?
Hibernate: 
    select
        b1_0.book_name 
    from
        books b1_0 
    where
        b1_0.book_name=? 
    fetch
        first ? rows only
Hibernate: 
    select
        b1_0.book_name,
        b1_0.planned_days,
        b1_0.start_date,
        b1_0.total_pages,
        c1_0.book_name,
        c1_0.chapter_number,
        c1_0.chapter_title,
        c1_0.end_page,
        c1_0.start_page 
    from
        books b1_0 
    left join
        book_chapters c1_0 
            on b1_0.book_name=c1_0.book_name 
    where
        b1_0.book_name=? 
    order by
        c1_0.chapter_number
Hibernate: 
    select
        bc1_0.book_name,
        bc1_0.chapter_number,
        bc1_0.chapter_title,
        bc1_0.end_page,
        bc1_0.start_page 
    from
        book_chapters bc1_0 
    where
        (
            bc1_0.book_name, bc1_0.chapter_number
        ) in ((?, ?))
Hibernate: 
    select
        bc1_0.book_name,
        bc1_0.chapter_number,
        bc1_0.chapter_title,
        bc1_0.end_page,
        bc1_0.start_page 
    from
        book_chapters bc1_0 
    where
        (
            bc1_0.book_name, bc1_0.chapter_number
        ) in ((?, ?))
Hibernate: 
    insert 
    into
        books
        (planned_days, start_date, total_pages, book_name) 
    values
        (?, ?, ?, ?)
Hibernate: 
    insert 
    into
        book_chapters
        (chapter_title, end_page, start_page, book_name, chapter_number) 
    values
        (?, ?, ?, ?, ?)
Hibernate: 
    insert 
    into
        book_chapters
        (chapter_title, end_page, start_page, book_name, chapter_number) 
    values
        (?, ?, ?, ?, ?)
Hibernate: 
    insert 
    into
        reading_progress
        (completed_pages, book_name) 
    values
        (?, ?)
Hibernate: 
    select
        b1_0.book_name,
        c1_0.book_name,
        c1_0.chapter_number,
        c1_0.chapter_title,
        c1_0.end_page,
        c1_0.start_page,
        b1_0.planned_days,
        rp1_0.book_name,
        rp1_0.completed_pages,
        b1_0.start_date,
        b1_0.total_pages 
    from
        books b1_0 
    join
        reading_progress rp1_0 
            on b1_0.book_name=rp1_0.book_name 
    left join
        book_chapters c1_0 
            on b1_0.book_name=c1_0.book_name 
    where
        b1_0.book_name=? 
    order by
        c1_0.chapter_number
]]></system-out>
  </testcase>
  <testcase name="shouldAllowProgressToBeSetToZero" classname="com.beyondthepage.beyondthepage.integration.ReadingTrackerIntegrationTest" time="0.013">
    <system-out><![CDATA[Hibernate: 
    select
        b1_0.book_name,
        b1_0.planned_days,
        b1_0.start_date,
        b1_0.total_pages 
    from
        books b1_0
Hibernate: 
    select
        rp1_0.book_name,
        rp1_0.completed_pages 
    from
        reading_progress rp1_0 
    where
        rp1_0.book_name=?
Hibernate: 
    select
        c1_0.book_name,
        c1_0.chapter_number,
        c1_0.chapter_title,
        c1_0.end_page,
        c1_0.start_page 
    from
        book_chapters c1_0 
    where
        c1_0.book_name=? 
    order by
        c1_0.chapter_number
Hibernate: 
    delete 
    from
        book_chapters 
    where
        book_name=? 
        and chapter_number=?
Hibernate: 
    delete 
    from
        book_chapters 
    where
        book_name=? 
        and chapter_number=?
Hibernate: 
    delete 
    from
        reading_progress 
    where
        book_name=?
Hibernate: 
    delete 
    from
        books 
    where
        book_name=?
Hibernate: 
    select
        b1_0.book_name 
    from
        books b1_0 
    where
        b1_0.book_name=? 
    fetch
        first ? rows only
Hibernate: 
    select
        b1_0.book_name,
        b1_0.planned_days,
        b1_0.start_date,
        b1_0.total_pages,
        c1_0.book_name,
        c1_0.chapter_number,
        c1_0.chapter_title,
        c1_0.end_page,
        c1_0.start_page 
    from
        books b1_0 
    left join
        book_chapters c1_0 
            on b1_0.book_name=c1_0.book_name 
    where
        b1_0.book_name=? 
    order by
        c1_0.chapter_number
Hibernate: 
    select
        bc1_0.book_name,
        bc1_0.chapter_number,
        bc1_0.chapter_title,
        bc1_0.end_page,
        bc1_0.start_page 
    from
        book_chapters bc1_0 
    where
        (
            bc1_0.book_name, bc1_0.chapter_number
        ) in ((?, ?))
Hibernate: 
    select
        bc1_0.book_name,
        bc1_0.chapter_number,
        bc1_0.chapter_title,
        bc1_0.end_page,
        bc1_0.start_page 
    from
        book_chapters bc1_0 
    where
        (
            bc1_0.book_name, bc1_0.chapter_number
        ) in ((?, ?))
Hibernate: 
    insert 
    into
        books
        (planned_days, start_date, total_pages, book_name) 
    values
        (?, ?, ?, ?)
Hibernate: 
    insert 
    into
        book_chapters
        (chapter_title, end_page, start_page, book_name, chapter_number) 
    values
        (?, ?, ?, ?, ?)
Hibernate: 
    insert 
    into
        book_chapters
        (chapter_title, end_page, start_page, book_name, chapter_number) 
    values
        (?, ?, ?, ?, ?)
Hibernate: 
    insert 
    into
        reading_progress
        (completed_pages, book_name) 
    values
        (?, ?)
Hibernate: 
    select
        b1_0.book_name,
        b1_0.planned_days,
        b1_0.start_date,
        b1_0.total_pages 
    from
        books b1_0 
    where
        b1_0.book_name=?
Hibernate: 
    select
        rp1_0.book_name,
        rp1_0.completed_pages 
    from
        reading_progress rp1_0 
    where
        rp1_0.book_name=?
Hibernate: 
    update
        reading_progress 
    set
        completed_pages=? 
    where
        book_name=?
Hibernate: 
    select
        b1_0.book_name,
        b1_0.planned_days,
        b1_0.start_date,
        b1_0.total_pages 
    from
        books b1_0 
    where
        b1_0.book_name=?
Hibernate: 
    select
        rp1_0.book_name,
        rp1_0.completed_pages 
    from
        reading_progress rp1_0 
    where
        rp1_0.book_name=?
Hibernate: 
    update
        reading_progress 
    set
        completed_pages=? 
    where
        book_name=?
Hibernate: 
    select
        b1_0.book_name,
        c1_0.book_name,
        c1_0.chapter_number,
        c1_0.chapter_title,
        c1_0.end_page,
        c1_0.start_page,
        b1_0.planned_days,
        rp1_0.book_name,
        rp1_0.completed_pages,
        b1_0.start_date,
        b1_0.total_pages 
    from
        books b1_0 
    join
        reading_progress rp1_0 
            on b1_0.book_name=rp1_0.book_name 
    left join
        book_chapters c1_0 
            on b1_0.book_name=c1_0.book_name 
    where
        b1_0.book_name=? 
    order by
        c1_0.chapter_number
]]></system-out>
  </testcase>
  <testcase name="shouldReturn400ForInvalidDateFormat" classname="com.beyondthepage.beyondthepage.integration.ReadingTrackerIntegrationTest" time="0.013">
    <system-out><![CDATA[Hibernate: 
    select
        b1_0.book_name,
        b1_0.planned_days,
        b1_0.start_date,
        b1_0.total_pages 
    from
        books b1_0
Hibernate: 
    select
        rp1_0.book_name,
        rp1_0.completed_pages 
    from
        reading_progress rp1_0 
    where
        rp1_0.book_name=?
Hibernate: 
    select
        c1_0.book_name,
        c1_0.chapter_number,
        c1_0.chapter_title,
        c1_0.end_page,
        c1_0.start_page 
    from
        book_chapters c1_0 
    where
        c1_0.book_name=? 
    order by
        c1_0.chapter_number
Hibernate: 
    delete 
    from
        book_chapters 
    where
        book_name=? 
        and chapter_number=?
Hibernate: 
    delete 
    from
        book_chapters 
    where
        book_name=? 
        and chapter_number=?
Hibernate: 
    delete 
    from
        reading_progress 
    where
        book_name=?
Hibernate: 
    delete 
    from
        books 
    where
        book_name=?
Hibernate: 
    select
        b1_0.book_name 
    from
        books b1_0 
    where
        b1_0.book_name=? 
    fetch
        first ? rows only
Hibernate: 
    select
        b1_0.book_name,
        b1_0.planned_days,
        b1_0.start_date,
        b1_0.total_pages,
        c1_0.book_name,
        c1_0.chapter_number,
        c1_0.chapter_title,
        c1_0.end_page,
        c1_0.start_page 
    from
        books b1_0 
    left join
        book_chapters c1_0 
            on b1_0.book_name=c1_0.book_name 
    where
        b1_0.book_name=? 
    order by
        c1_0.chapter_number
Hibernate: 
    select
        bc1_0.book_name,
        bc1_0.chapter_number,
        bc1_0.chapter_title,
        bc1_0.end_page,
        bc1_0.start_page 
    from
        book_chapters bc1_0 
    where
        (
            bc1_0.book_name, bc1_0.chapter_number
        ) in ((?, ?))
Hibernate: 
    select
        bc1_0.book_name,
        bc1_0.chapter_number,
        bc1_0.chapter_title,
        bc1_0.end_page,
        bc1_0.start_page 
    from
        book_chapters bc1_0 
    where
        (
            bc1_0.book_name, bc1_0.chapter_number
        ) in ((?, ?))
Hibernate: 
    insert 
    into
        books
        (planned_days, start_date, total_pages, book_name) 
    values
        (?, ?, ?, ?)
Hibernate: 
    insert 
    into
        book_chapters
        (chapter_title, end_page, start_page, book_name, chapter_number) 
    values
        (?, ?, ?, ?, ?)
Hibernate: 
    insert 
    into
        book_chapters
        (chapter_title, end_page, start_page, book_name, chapter_number) 
    values
        (?, ?, ?, ?, ?)
Hibernate: 
    insert 
    into
        reading_progress
        (completed_pages, book_name) 
    values
        (?, ?)
]]></system-out>
  </testcase>
  <testcase name="shouldReturn400ForInvalidMonthFormat" classname="com.beyondthepage.beyondthepage.integration.ReadingTrackerIntegrationTest" time="0.01">
    <system-out><![CDATA[Hibernate: 
    select
        b1_0.book_name,
        b1_0.planned_days,
        b1_0.start_date,
        b1_0.total_pages 
    from
        books b1_0
Hibernate: 
    select
        rp1_0.book_name,
        rp1_0.completed_pages 
    from
        reading_progress rp1_0 
    where
        rp1_0.book_name=?
Hibernate: 
    select
        c1_0.book_name,
        c1_0.chapter_number,
        c1_0.chapter_title,
        c1_0.end_page,
        c1_0.start_page 
    from
        book_chapters c1_0 
    where
        c1_0.book_name=? 
    order by
        c1_0.chapter_number
Hibernate: 
    delete 
    from
        book_chapters 
    where
        book_name=? 
        and chapter_number=?
Hibernate: 
    delete 
    from
        book_chapters 
    where
        book_name=? 
        and chapter_number=?
Hibernate: 
    delete 
    from
        reading_progress 
    where
        book_name=?
Hibernate: 
    delete 
    from
        books 
    where
        book_name=?
Hibernate: 
    select
        b1_0.book_name 
    from
        books b1_0 
    where
        b1_0.book_name=? 
    fetch
        first ? rows only
Hibernate: 
    select
        b1_0.book_name,
        b1_0.planned_days,
        b1_0.start_date,
        b1_0.total_pages,
        c1_0.book_name,
        c1_0.chapter_number,
        c1_0.chapter_title,
        c1_0.end_page,
        c1_0.start_page 
    from
        books b1_0 
    left join
        book_chapters c1_0 
            on b1_0.book_name=c1_0.book_name 
    where
        b1_0.book_name=? 
    order by
        c1_0.chapter_number
Hibernate: 
    select
        bc1_0.book_name,
        bc1_0.chapter_number,
        bc1_0.chapter_title,
        bc1_0.end_page,
        bc1_0.start_page 
    from
        book_chapters bc1_0 
    where
        (
            bc1_0.book_name, bc1_0.chapter_number
        ) in ((?, ?))
Hibernate: 
    select
        bc1_0.book_name,
        bc1_0.chapter_number,
        bc1_0.chapter_title,
        bc1_0.end_page,
        bc1_0.start_page 
    from
        book_chapters bc1_0 
    where
        (
            bc1_0.book_name, bc1_0.chapter_number
        ) in ((?, ?))
Hibernate: 
    insert 
    into
        books
        (planned_days, start_date, total_pages, book_name) 
    values
        (?, ?, ?, ?)
Hibernate: 
    insert 
    into
        book_chapters
        (chapter_title, end_page, start_page, book_name, chapter_number) 
    values
        (?, ?, ?, ?, ?)
Hibernate: 
    insert 
    into
        book_chapters
        (chapter_title, end_page, start_page, book_name, chapter_number) 
    values
        (?, ?, ?, ?, ?)
Hibernate: 
    insert 
    into
        reading_progress
        (completed_pages, book_name) 
    values
        (?, ?)
]]></system-out>
  </testcase>
  <testcase name="shouldReturnEmptyDailyDashboardWhenNoBooksExist" classname="com.beyondthepage.beyondthepage.integration.ReadingTrackerIntegrationTest" time="0.012">
    <system-out><![CDATA[Hibernate: 
    select
        b1_0.book_name,
        b1_0.planned_days,
        b1_0.start_date,
        b1_0.total_pages 
    from
        books b1_0
Hibernate: 
    select
        rp1_0.book_name,
        rp1_0.completed_pages 
    from
        reading_progress rp1_0 
    where
        rp1_0.book_name=?
Hibernate: 
    select
        c1_0.book_name,
        c1_0.chapter_number,
        c1_0.chapter_title,
        c1_0.end_page,
        c1_0.start_page 
    from
        book_chapters c1_0 
    where
        c1_0.book_name=? 
    order by
        c1_0.chapter_number
Hibernate: 
    delete 
    from
        book_chapters 
    where
        book_name=? 
        and chapter_number=?
Hibernate: 
    delete 
    from
        book_chapters 
    where
        book_name=? 
        and chapter_number=?
Hibernate: 
    delete 
    from
        reading_progress 
    where
        book_name=?
Hibernate: 
    delete 
    from
        books 
    where
        book_name=?
Hibernate: 
    select
        b1_0.book_name 
    from
        books b1_0 
    where
        b1_0.book_name=? 
    fetch
        first ? rows only
Hibernate: 
    select
        b1_0.book_name,
        b1_0.planned_days,
        b1_0.start_date,
        b1_0.total_pages,
        c1_0.book_name,
        c1_0.chapter_number,
        c1_0.chapter_title,
        c1_0.end_page,
        c1_0.start_page 
    from
        books b1_0 
    left join
        book_chapters c1_0 
            on b1_0.book_name=c1_0.book_name 
    where
        b1_0.book_name=? 
    order by
        c1_0.chapter_number
Hibernate: 
    select
        bc1_0.book_name,
        bc1_0.chapter_number,
        bc1_0.chapter_title,
        bc1_0.end_page,
        bc1_0.start_page 
    from
        book_chapters bc1_0 
    where
        (
            bc1_0.book_name, bc1_0.chapter_number
        ) in ((?, ?))
Hibernate: 
    select
        bc1_0.book_name,
        bc1_0.chapter_number,
        bc1_0.chapter_title,
        bc1_0.end_page,
        bc1_0.start_page 
    from
        book_chapters bc1_0 
    where
        (
            bc1_0.book_name, bc1_0.chapter_number
        ) in ((?, ?))
Hibernate: 
    insert 
    into
        books
        (planned_days, start_date, total_pages, book_name) 
    values
        (?, ?, ?, ?)
Hibernate: 
    insert 
    into
        book_chapters
        (chapter_title, end_page, start_page, book_name, chapter_number) 
    values
        (?, ?, ?, ?, ?)
Hibernate: 
    insert 
    into
        book_chapters
        (chapter_title, end_page, start_page, book_name, chapter_number) 
    values
        (?, ?, ?, ?, ?)
Hibernate: 
    insert 
    into
        reading_progress
        (completed_pages, book_name) 
    values
        (?, ?)
Hibernate: 
    select
        b1_0.book_name,
        b1_0.planned_days,
        b1_0.start_date,
        b1_0.total_pages 
    from
        books b1_0
Hibernate: 
    select
        rp1_0.book_name,
        rp1_0.completed_pages 
    from
        reading_progress rp1_0 
    where
        rp1_0.book_name=?
Hibernate: 
    select
        c1_0.book_name,
        c1_0.chapter_number,
        c1_0.chapter_title,
        c1_0.end_page,
        c1_0.start_page 
    from
        book_chapters c1_0 
    where
        c1_0.book_name=? 
    order by
        c1_0.chapter_number
Hibernate: 
    delete 
    from
        book_chapters 
    where
        book_name=? 
        and chapter_number=?
Hibernate: 
    delete 
    from
        book_chapters 
    where
        book_name=? 
        and chapter_number=?
Hibernate: 
    delete 
    from
        reading_progress 
    where
        book_name=?
Hibernate: 
    delete 
    from
        books 
    where
        book_name=?
Hibernate: 
    select
        b1_0.book_name,
        b1_0.planned_days,
        rp1_0.book_name,
        rp1_0.completed_pages,
        b1_0.start_date,
        b1_0.total_pages 
    from
        books b1_0 
    join
        reading_progress rp1_0 
            on b1_0.book_name=rp1_0.book_name 
    order by
        b1_0.book_name
]]></system-out>
  </testcase>
  <testcase name="shouldReturn404WhenUpdatingProgressForUnknownBook" classname="com.beyondthepage.beyondthepage.integration.ReadingTrackerIntegrationTest" time="0.007">
    <system-out><![CDATA[Hibernate: 
    select
        b1_0.book_name,
        b1_0.planned_days,
        b1_0.start_date,
        b1_0.total_pages 
    from
        books b1_0
Hibernate: 
    select
        b1_0.book_name 
    from
        books b1_0 
    where
        b1_0.book_name=? 
    fetch
        first ? rows only
Hibernate: 
    select
        b1_0.book_name,
        b1_0.planned_days,
        b1_0.start_date,
        b1_0.total_pages,
        c1_0.book_name,
        c1_0.chapter_number,
        c1_0.chapter_title,
        c1_0.end_page,
        c1_0.start_page 
    from
        books b1_0 
    left join
        book_chapters c1_0 
            on b1_0.book_name=c1_0.book_name 
    where
        b1_0.book_name=? 
    order by
        c1_0.chapter_number
Hibernate: 
    select
        bc1_0.book_name,
        bc1_0.chapter_number,
        bc1_0.chapter_title,
        bc1_0.end_page,
        bc1_0.start_page 
    from
        book_chapters bc1_0 
    where
        (
            bc1_0.book_name, bc1_0.chapter_number
        ) in ((?, ?))
Hibernate: 
    select
        bc1_0.book_name,
        bc1_0.chapter_number,
        bc1_0.chapter_title,
        bc1_0.end_page,
        bc1_0.start_page 
    from
        book_chapters bc1_0 
    where
        (
            bc1_0.book_name, bc1_0.chapter_number
        ) in ((?, ?))
Hibernate: 
    insert 
    into
        books
        (planned_days, start_date, total_pages, book_name) 
    values
        (?, ?, ?, ?)
Hibernate: 
    insert 
    into
        book_chapters
        (chapter_title, end_page, start_page, book_name, chapter_number) 
    values
        (?, ?, ?, ?, ?)
Hibernate: 
    insert 
    into
        book_chapters
        (chapter_title, end_page, start_page, book_name, chapter_number) 
    values
        (?, ?, ?, ?, ?)
Hibernate: 
    insert 
    into
        reading_progress
        (completed_pages, book_name) 
    values
        (?, ?)
Hibernate: 
    select
        b1_0.book_name,
        b1_0.planned_days,
        b1_0.start_date,
        b1_0.total_pages 
    from
        books b1_0 
    where
        b1_0.book_name=?
]]></system-out>
  </testcase>
  <testcase name="shouldReturn400WhenChaptersHaveGap" classname="com.beyondthepage.beyondthepage.integration.ReadingTrackerIntegrationTest" time="0.01">
    <system-out><![CDATA[Hibernate: 
    select
        b1_0.book_name,
        b1_0.planned_days,
        b1_0.start_date,
        b1_0.total_pages 
    from
        books b1_0
Hibernate: 
    select
        rp1_0.book_name,
        rp1_0.completed_pages 
    from
        reading_progress rp1_0 
    where
        rp1_0.book_name=?
Hibernate: 
    select
        c1_0.book_name,
        c1_0.chapter_number,
        c1_0.chapter_title,
        c1_0.end_page,
        c1_0.start_page 
    from
        book_chapters c1_0 
    where
        c1_0.book_name=? 
    order by
        c1_0.chapter_number
Hibernate: 
    delete 
    from
        book_chapters 
    where
        book_name=? 
        and chapter_number=?
Hibernate: 
    delete 
    from
        book_chapters 
    where
        book_name=? 
        and chapter_number=?
Hibernate: 
    delete 
    from
        reading_progress 
    where
        book_name=?
Hibernate: 
    delete 
    from
        books 
    where
        book_name=?
Hibernate: 
    select
        b1_0.book_name 
    from
        books b1_0 
    where
        b1_0.book_name=? 
    fetch
        first ? rows only
Hibernate: 
    select
        b1_0.book_name,
        b1_0.planned_days,
        b1_0.start_date,
        b1_0.total_pages,
        c1_0.book_name,
        c1_0.chapter_number,
        c1_0.chapter_title,
        c1_0.end_page,
        c1_0.start_page 
    from
        books b1_0 
    left join
        book_chapters c1_0 
            on b1_0.book_name=c1_0.book_name 
    where
        b1_0.book_name=? 
    order by
        c1_0.chapter_number
Hibernate: 
    select
        bc1_0.book_name,
        bc1_0.chapter_number,
        bc1_0.chapter_title,
        bc1_0.end_page,
        bc1_0.start_page 
    from
        book_chapters bc1_0 
    where
        (
            bc1_0.book_name, bc1_0.chapter_number
        ) in ((?, ?))
Hibernate: 
    select
        bc1_0.book_name,
        bc1_0.chapter_number,
        bc1_0.chapter_title,
        bc1_0.end_page,
        bc1_0.start_page 
    from
        book_chapters bc1_0 
    where
        (
            bc1_0.book_name, bc1_0.chapter_number
        ) in ((?, ?))
Hibernate: 
    insert 
    into
        books
        (planned_days, start_date, total_pages, book_name) 
    values
        (?, ?, ?, ?)
Hibernate: 
    insert 
    into
        book_chapters
        (chapter_title, end_page, start_page, book_name, chapter_number) 
    values
        (?, ?, ?, ?, ?)
Hibernate: 
    insert 
    into
        book_chapters
        (chapter_title, end_page, start_page, book_name, chapter_number) 
    values
        (?, ?, ?, ?, ?)
Hibernate: 
    insert 
    into
        reading_progress
        (completed_pages, book_name) 
    values
        (?, ?)
Hibernate: 
    select
        b1_0.book_name 
    from
        books b1_0 
    where
        b1_0.book_name=? 
    fetch
        first ? rows only
]]></system-out>
  </testcase>
  <testcase name="shouldReturnDashboardSummaryWithCompletedBookCounted" classname="com.beyondthepage.beyondthepage.integration.ReadingTrackerIntegrationTest" time="0.011">
    <system-out><![CDATA[Hibernate: 
    select
        b1_0.book_name,
        b1_0.planned_days,
        b1_0.start_date,
        b1_0.total_pages 
    from
        books b1_0
Hibernate: 
    select
        rp1_0.book_name,
        rp1_0.completed_pages 
    from
        reading_progress rp1_0 
    where
        rp1_0.book_name=?
Hibernate: 
    select
        c1_0.book_name,
        c1_0.chapter_number,
        c1_0.chapter_title,
        c1_0.end_page,
        c1_0.start_page 
    from
        book_chapters c1_0 
    where
        c1_0.book_name=? 
    order by
        c1_0.chapter_number
Hibernate: 
    delete 
    from
        book_chapters 
    where
        book_name=? 
        and chapter_number=?
Hibernate: 
    delete 
    from
        book_chapters 
    where
        book_name=? 
        and chapter_number=?
Hibernate: 
    delete 
    from
        reading_progress 
    where
        book_name=?
Hibernate: 
    delete 
    from
        books 
    where
        book_name=?
Hibernate: 
    select
        b1_0.book_name 
    from
        books b1_0 
    where
        b1_0.book_name=? 
    fetch
        first ? rows only
Hibernate: 
    select
        b1_0.book_name,
        b1_0.planned_days,
        b1_0.start_date,
        b1_0.total_pages,
        c1_0.book_name,
        c1_0.chapter_number,
        c1_0.chapter_title,
        c1_0.end_page,
        c1_0.start_page 
    from
        books b1_0 
    left join
        book_chapters c1_0 
            on b1_0.book_name=c1_0.book_name 
    where
        b1_0.book_name=? 
    order by
        c1_0.chapter_number
Hibernate: 
    select
        bc1_0.book_name,
        bc1_0.chapter_number,
        bc1_0.chapter_title,
        bc1_0.end_page,
        bc1_0.start_page 
    from
        book_chapters bc1_0 
    where
        (
            bc1_0.book_name, bc1_0.chapter_number
        ) in ((?, ?))
Hibernate: 
    select
        bc1_0.book_name,
        bc1_0.chapter_number,
        bc1_0.chapter_title,
        bc1_0.end_page,
        bc1_0.start_page 
    from
        book_chapters bc1_0 
    where
        (
            bc1_0.book_name, bc1_0.chapter_number
        ) in ((?, ?))
Hibernate: 
    insert 
    into
        books
        (planned_days, start_date, total_pages, book_name) 
    values
        (?, ?, ?, ?)
Hibernate: 
    insert 
    into
        book_chapters
        (chapter_title, end_page, start_page, book_name, chapter_number) 
    values
        (?, ?, ?, ?, ?)
Hibernate: 
    insert 
    into
        book_chapters
        (chapter_title, end_page, start_page, book_name, chapter_number) 
    values
        (?, ?, ?, ?, ?)
Hibernate: 
    insert 
    into
        reading_progress
        (completed_pages, book_name) 
    values
        (?, ?)
Hibernate: 
    select
        b1_0.book_name,
        b1_0.planned_days,
        b1_0.start_date,
        b1_0.total_pages 
    from
        books b1_0 
    where
        b1_0.book_name=?
Hibernate: 
    select
        rp1_0.book_name,
        rp1_0.completed_pages 
    from
        reading_progress rp1_0 
    where
        rp1_0.book_name=?
Hibernate: 
    update
        reading_progress 
    set
        completed_pages=? 
    where
        book_name=?
Hibernate: 
    select
        b1_0.book_name,
        b1_0.planned_days,
        rp1_0.book_name,
        rp1_0.completed_pages,
        b1_0.start_date,
        b1_0.total_pages 
    from
        books b1_0 
    join
        reading_progress rp1_0 
            on b1_0.book_name=rp1_0.book_name 
    order by
        b1_0.book_name
]]></system-out>
  </testcase>
</testsuite>